app/build/outputs/logs/manifest-merger-debug-report.txt
-- Merging decision tree log ---
manifest
ADDED from src\main\AndroidManifest.xml:2:1-260:12
INJECTED from src\main\AndroidManifest.xml:2:1-260:12
INJECTED from src\main\AndroidManifest.xml:2:1-260:12
INJECTED from src\main\AndroidManifest.xml:2:1-260:12
MERGED from [com.android.support:appcompat-v7:26.1.0] AndroidManifest.xml:17:1-31:12
MERGED from [com.google.firebase:firebase-auth:16.0.5] AndroidManifest.xml:17:1-42:12
MERGED from [com.google.firebase:firebase-messaging:17.3.4] AndroidManifest.xml:17:1-37:12
MERGED from [com.google.android.gms:play-services-flags:16.0.1] AndroidManifest.xml:17:1-22:12
MERGED from [com.google.firebase:firebase-auth-interop:16.0.1] AndroidManifest.xml:2:1-10:12
MERGED from [com.google.firebase:firebase-core:16.0.5] AndroidManifest.xml:2:1-9:12
MERGED from [com.google.firebase:firebase-measurement-connector-impl:17.0.3] AndroidManifest.xml:17:1-34:12
MERGED from [com.google.firebase:firebase-analytics:16.0.5] AndroidManifest.xml:17:1-55:12
MERGED from [com.google.android.gms:play-services-measurement-api:16.0.3] AndroidManifest.xml:17:1-25:12
MERGED from [com.google.firebase:firebase-analytics-impl:16.2.3] AndroidManifest.xml:17:1-40:12
MERGED from [com.google.firebase:firebase-iid:17.0.4] AndroidManifest.xml:17:1-59:12
MERGED from [com.google.firebase:firebase-iid-interop:16.0.1] AndroidManifest.xml:2:1-10:12
MERGED from [com.google.android.gms:play-services-base:16.0.1] AndroidManifest.xml:17:1-29:12
MERGED from [com.google.firebase:firebase-common:16.0.3] AndroidManifest.xml:2:1-17:12
MERGED from [com.google.android.gms:play-services-tasks:16.0.1] AndroidManifest.xml:2:1-9:12
MERGED from [com.google.firebase:firebase-measurement-connector:17.0.1] AndroidManifest.xml:17:1-25:12
MERGED from [com.google.android.gms:play-services-measurement-base:16.0.4] AndroidManifest.xml:2:1-9:12
MERGED from [com.google.android.gms:play-services-stats:16.0.1] AndroidManifest.xml:2:1-9:12
MERGED from [com.google.android.gms:play-services-ads-identifier:16.0.0] AndroidManifest.xml:17:1-24:12
MERGED from [com.google.android.gms:play-services-basement:16.1.0] AndroidManifest.xml:17:1-28:12
MERGED from [com.android.support:support-v4:26.1.0] AndroidManifest.xml:17:1-31:12
MERGED from [com.android.support:support-media-compat:26.1.0] AndroidManifest.xml:17:1-31:12
MERGED from [com.android.support:support-fragment:26.1.0] AndroidManifest.xml:17:1-31:12
MERGED from [com.android.support:support-core-utils:26.1.0] AndroidManifest.xml:17:1-31:12
MERGED from [com.android.support:animated-vector-drawable:26.1.0] AndroidManifest.xml:17:1-28:12
MERGED from [com.android.support:support-core-ui:26.1.0] AndroidManifest.xml:17:1-31:12
MERGED from [com.android.support:support-vector-drawable:26.1.0] AndroidManifest.xml:17:1-28:12
MERGED from [com.android.support:support-compat:26.1.0] AndroidManifest.xml:17:1-31:12
MERGED from [android.arch.lifecycle:runtime:1.0.0] AndroidManifest.xml:17:1-30:12
INJECTED from src\main\AndroidManifest.xml:2:1-260:12
INJECTED from src\main\AndroidManifest.xml:2:1-260:12
INJECTED from src\main\AndroidManifest.xml:2:1-260:12
	package
		ADDED from src\main\AndroidManifest.xml:3:5-33
		INJECTED from src\main\AndroidManifest.xml
		INJECTED from src\main\AndroidManifest.xml
	android:versionName
		ADDED from src\main\AndroidManifest.xml:5:5-30
		INJECTED from src\main\AndroidManifest.xml
		INJECTED from src\main\AndroidManifest.xml
	xmlns:android
		ADDED from src\main\AndroidManifest.xml:2:11-69
	android:versionCode
		ADDED from src\main\AndroidManifest.xml:4:5-28
		INJECTED from src\main\AndroidManifest.xml
		INJECTED from src\main\AndroidManifest.xml
uses-sdk
ADDED from src\main\AndroidManifest.xml:7:2-8:13
INJECTED from src\main\AndroidManifest.xml:7:2-8:13
INJECTED from src\main\AndroidManifest.xml:7:2-8:13
MERGED from [com.android.support:appcompat-v7:26.1.0] AndroidManifest.xml:21:5-23:78
MERGED from [com.android.support:appcompat-v7:26.1.0] AndroidManifest.xml:21:5-23:78
MERGED from [com.google.firebase:firebase-auth:16.0.5] AndroidManifest.xml:21:5-44
MERGED from [com.google.firebase:firebase-auth:16.0.5] AndroidManifest.xml:21:5-44
MERGED from [com.google.firebase:firebase-messaging:17.3.4] AndroidManifest.xml:20:5-44
MERGED from [com.google.firebase:firebase-messaging:17.3.4] AndroidManifest.xml:20:5-44
MERGED from [com.google.android.gms:play-services-flags:16.0.1] AndroidManifest.xml:20:5-44
MERGED from [com.google.android.gms:play-services-flags:16.0.1] AndroidManifest.xml:20:5-44
MERGED from [com.google.firebase:firebase-auth-interop:16.0.1] AndroidManifest.xml:5:5-44
MERGED from [com.google.firebase:firebase-auth-interop:16.0.1] AndroidManifest.xml:5:5-44
MERGED from [com.google.firebase:firebase-core:16.0.5] AndroidManifest.xml:5:5-44
MERGED from [com.google.firebase:firebase-core:16.0.5] AndroidManifest.xml:5:5-44
MERGED from [com.google.firebase:firebase-measurement-connector-impl:17.0.3] AndroidManifest.xml:20:5-44
MERGED from [com.google.firebase:firebase-measurement-connector-impl:17.0.3] AndroidManifest.xml:20:5-44
MERGED from [com.google.firebase:firebase-analytics:16.0.5] AndroidManifest.xml:20:5-44
MERGED from [com.google.firebase:firebase-analytics:16.0.5] AndroidManifest.xml:20:5-44
MERGED from [com.google.android.gms:play-services-measurement-api:16.0.3] AndroidManifest.xml:20:5-44
MERGED from [com.google.android.gms:play-services-measurement-api:16.0.3] AndroidManifest.xml:20:5-44
MERGED from [com.google.firebase:firebase-analytics-impl:16.2.3] AndroidManifest.xml:20:5-44
MERGED from [com.google.firebase:firebase-analytics-impl:16.2.3] AndroidManifest.xml:20:5-44
MERGED from [com.google.firebase:firebase-iid:17.0.4] AndroidManifest.xml:20:5-44
MERGED from [com.google.firebase:firebase-iid:17.0.4] AndroidManifest.xml:20:5-44
MERGED from [com.google.firebase:firebase-iid-interop:16.0.1] AndroidManifest.xml:5:5-44
MERGED from [com.google.firebase:firebase-iid-interop:16.0.1] AndroidManifest.xml:5:5-44
MERGED from [com.google.android.gms:play-services-base:16.0.1] AndroidManifest.xml:20:5-44
MERGED from [com.google.android.gms:play-services-base:16.0.1] AndroidManifest.xml:20:5-44
MERGED from [com.google.firebase:firebase-common:16.0.3] AndroidManifest.xml:5:5-7:41
MERGED from [com.google.firebase:firebase-common:16.0.3] AndroidManifest.xml:5:5-7:41
MERGED from [com.google.android.gms:play-services-tasks:16.0.1] AndroidManifest.xml:5:5-44
MERGED from [com.google.android.gms:play-services-tasks:16.0.1] AndroidManifest.xml:5:5-44
MERGED from [com.google.firebase:firebase-measurement-connector:17.0.1] AndroidManifest.xml:20:5-44
MERGED from [com.google.firebase:firebase-measurement-connector:17.0.1] AndroidManifest.xml:20:5-44
MERGED from [com.google.android.gms:play-services-measurement-base:16.0.4] AndroidManifest.xml:5:5-44
MERGED from [com.google.android.gms:play-services-measurement-base:16.0.4] AndroidManifest.xml:5:5-44
MERGED from [com.google.android.gms:play-services-stats:16.0.1] AndroidManifest.xml:5:5-44
MERGED from [com.google.android.gms:play-services-stats:16.0.1] AndroidManifest.xml:5:5-44
MERGED from [com.google.android.gms:play-services-ads-identifier:16.0.0] AndroidManifest.xml:20:5-44
MERGED from [com.google.android.gms:play-services-ads-identifier:16.0.0] AndroidManifest.xml:20:5-44
MERGED from [com.google.android.gms:play-services-basement:16.1.0] AndroidManifest.xml:20:5-44
MERGED from [com.google.android.gms:play-services-basement:16.1.0] AndroidManifest.xml:20:5-44
MERGED from [com.android.support:support-v4:26.1.0] AndroidManifest.xml:21:5-23:54
MERGED from [com.android.support:support-v4:26.1.0] AndroidManifest.xml:21:5-23:54
MERGED from [com.android.support:support-media-compat:26.1.0] AndroidManifest.xml:21:5-23:63
MERGED from [com.android.support:support-media-compat:26.1.0] AndroidManifest.xml:21:5-23:63
MERGED from [com.android.support:support-fragment:26.1.0] AndroidManifest.xml:21:5-23:60
MERGED from [com.android.support:support-fragment:26.1.0] AndroidManifest.xml:21:5-23:60
MERGED from [com.android.support:support-core-utils:26.1.0] AndroidManifest.xml:21:5-23:61
MERGED from [com.android.support:support-core-utils:26.1.0] AndroidManifest.xml:21:5-23:61
MERGED from [com.android.support:animated-vector-drawable:26.1.0] AndroidManifest.xml:20:5-44
MERGED from [com.android.support:animated-vector-drawable:26.1.0] AndroidManifest.xml:20:5-44
MERGED from [com.android.support:support-core-ui:26.1.0] AndroidManifest.xml:21:5-23:58
MERGED from [com.android.support:support-core-ui:26.1.0] AndroidManifest.xml:21:5-23:58
MERGED from [com.android.support:support-vector-drawable:26.1.0] AndroidManifest.xml:20:5-44
MERGED from [com.android.support:support-vector-drawable:26.1.0] AndroidManifest.xml:20:5-44
MERGED from [com.android.support:support-compat:26.1.0] AndroidManifest.xml:21:5-23:58
MERGED from [com.android.support:support-compat:26.1.0] AndroidManifest.xml:21:5-23:58
MERGED from [android.arch.lifecycle:runtime:1.0.0] AndroidManifest.xml:20:5-22:41
MERGED from [android.arch.lifecycle:runtime:1.0.0] AndroidManifest.xml:20:5-22:41
INJECTED from src\main\AndroidManifest.xml:7:2-8:13
INJECTED from src\main\AndroidManifest.xml:7:2-8:13
	tools:overrideLibrary
		ADDED from [com.android.support:appcompat-v7:26.1.0] AndroidManifest.xml:23:9-75
	android:targetSdkVersion
		ADDED from src\main\AndroidManifest.xml:7:12-41
		INJECTED from src\main\AndroidManifest.xml
		INJECTED from src\main\AndroidManifest.xml
	android:minSdkVersion
		INJECTED from src\main\AndroidManifest.xml
		ADDED from src\main\AndroidManifest.xml:7:2-8:13
		INJECTED from src\main\AndroidManifest.xml
uses-permission#android.permission.INTERNET
ADDED from src\main\AndroidManifest.xml:10:2-64
MERGED from [com.google.firebase:firebase-measurement-connector-impl:17.0.3] AndroidManifest.xml:22:5-67
MERGED from [com.google.firebase:firebase-measurement-connector-impl:17.0.3] AndroidManifest.xml:22:5-67
MERGED from [com.google.firebase:firebase-analytics:16.0.5] AndroidManifest.xml:23:5-67
MERGED from [com.google.firebase:firebase-analytics:16.0.5] AndroidManifest.xml:23:5-67
MERGED from [com.google.firebase:firebase-analytics-impl:16.2.3] AndroidManifest.xml:23:5-67
MERGED from [com.google.firebase:firebase-analytics-impl:16.2.3] AndroidManifest.xml:23:5-67
MERGED from [com.google.firebase:firebase-iid:17.0.4] AndroidManifest.xml:23:5-67
MERGED from [com.google.firebase:firebase-iid:17.0.4] AndroidManifest.xml:23:5-67
	android:name
		ADDED from src\main\AndroidManifest.xml:10:19-61
uses-permission#com.google.android.c2dm.permission.RECEIVE
ADDED from src\main\AndroidManifest.xml:11:2-79
MERGED from [com.google.firebase:firebase-iid:17.0.4] AndroidManifest.xml:26:5-82
MERGED from [com.google.firebase:firebase-iid:17.0.4] AndroidManifest.xml:26:5-82
	android:name
		ADDED from src\main\AndroidManifest.xml:11:19-76
uses-permission#android.permission.WAKE_LOCK
ADDED from src\main\AndroidManifest.xml:12:2-65
MERGED from [com.google.firebase:firebase-measurement-connector-impl:17.0.3] AndroidManifest.xml:24:5-68
MERGED from [com.google.firebase:firebase-measurement-connector-impl:17.0.3] AndroidManifest.xml:24:5-68
MERGED from [com.google.firebase:firebase-analytics:16.0.5] AndroidManifest.xml:25:5-68
MERGED from [com.google.firebase:firebase-analytics:16.0.5] AndroidManifest.xml:25:5-68
MERGED from [com.google.firebase:firebase-analytics-impl:16.2.3] AndroidManifest.xml:25:5-68
MERGED from [com.google.firebase:firebase-analytics-impl:16.2.3] AndroidManifest.xml:25:5-68
MERGED from [com.google.firebase:firebase-iid:17.0.4] AndroidManifest.xml:24:5-68
MERGED from [com.google.firebase:firebase-iid:17.0.4] AndroidManifest.xml:24:5-68
	android:name
		ADDED from src\main\AndroidManifest.xml:12:19-62
uses-permission#android.permission.GET_ACCOUNTS
ADDED from src\main\AndroidManifest.xml:13:2-68
	android:name
		ADDED from src\main\AndroidManifest.xml:13:19-65
uses-permission#android.permission.VIBRATE
ADDED from src\main\AndroidManifest.xml:14:2-63
	android:name
		ADDED from src\main\AndroidManifest.xml:14:19-60
uses-permission#android.permission.READ_CONTACTS
ADDED from src\main\AndroidManifest.xml:15:2-69
	android:name
		ADDED from src\main\AndroidManifest.xml:15:19-66
application
ADDED from src\main\AndroidManifest.xml:17:2-229:16
MERGED from [com.android.support:appcompat-v7:26.1.0] AndroidManifest.xml:25:5-29:19
MERGED from [com.android.support:appcompat-v7:26.1.0] AndroidManifest.xml:25:5-29:19
MERGED from [com.google.firebase:firebase-auth:16.0.5] AndroidManifest.xml:23:5-40:19
MERGED from [com.google.firebase:firebase-auth:16.0.5] AndroidManifest.xml:23:5-40:19
MERGED from [com.google.firebase:firebase-messaging:17.3.4] AndroidManifest.xml:22:5-35:19
MERGED from [com.google.firebase:firebase-messaging:17.3.4] AndroidManifest.xml:22:5-35:19
MERGED from [com.google.firebase:firebase-auth-interop:16.0.1] AndroidManifest.xml:7:5-8:19
MERGED from [com.google.firebase:firebase-auth-interop:16.0.1] AndroidManifest.xml:7:5-8:19
MERGED from [com.google.firebase:firebase-core:16.0.5] AndroidManifest.xml:7:5-20
MERGED from [com.google.firebase:firebase-core:16.0.5] AndroidManifest.xml:7:5-20
MERGED from [com.google.firebase:firebase-measurement-connector-impl:17.0.3] AndroidManifest.xml:26:5-32:19
MERGED from [com.google.firebase:firebase-measurement-connector-impl:17.0.3] AndroidManifest.xml:26:5-32:19
MERGED from [com.google.firebase:firebase-analytics:16.0.5] AndroidManifest.xml:28:5-53:19
MERGED from [com.google.firebase:firebase-analytics:16.0.5] AndroidManifest.xml:28:5-53:19
MERGED from [com.google.android.gms:play-services-measurement-api:16.0.3] AndroidManifest.xml:22:5-23:19
MERGED from [com.google.android.gms:play-services-measurement-api:16.0.3] AndroidManifest.xml:22:5-23:19
MERGED from [com.google.firebase:firebase-analytics-impl:16.2.3] AndroidManifest.xml:28:5-38:19
MERGED from [com.google.firebase:firebase-analytics-impl:16.2.3] AndroidManifest.xml:28:5-38:19
MERGED from [com.google.firebase:firebase-iid:17.0.4] AndroidManifest.xml:28:5-57:19
MERGED from [com.google.firebase:firebase-iid:17.0.4] AndroidManifest.xml:28:5-57:19
MERGED from [com.google.firebase:firebase-iid-interop:16.0.1] AndroidManifest.xml:7:5-8:19
MERGED from [com.google.firebase:firebase-iid-interop:16.0.1] AndroidManifest.xml:7:5-8:19
MERGED from [com.google.android.gms:play-services-base:16.0.1] AndroidManifest.xml:22:5-27:19
MERGED from [com.google.android.gms:play-services-base:16.0.1] AndroidManifest.xml:22:5-27:19
MERGED from [com.google.firebase:firebase-common:16.0.3] AndroidManifest.xml:9:5-15:19
MERGED from [com.google.firebase:firebase-common:16.0.3] AndroidManifest.xml:9:5-15:19
MERGED from [com.google.android.gms:play-services-tasks:16.0.1] AndroidManifest.xml:7:5-20
MERGED from [com.google.android.gms:play-services-tasks:16.0.1] AndroidManifest.xml:7:5-20
MERGED from [com.google.firebase:firebase-measurement-connector:17.0.1] AndroidManifest.xml:22:5-23:19
MERGED from [com.google.firebase:firebase-measurement-connector:17.0.1] AndroidManifest.xml:22:5-23:19
MERGED from [com.google.android.gms:play-services-measurement-base:16.0.4] AndroidManifest.xml:7:5-20
MERGED from [com.google.android.gms:play-services-measurement-base:16.0.4] AndroidManifest.xml:7:5-20
MERGED from [com.google.android.gms:play-services-stats:16.0.1] AndroidManifest.xml:7:5-20
MERGED from [com.google.android.gms:play-services-stats:16.0.1] AndroidManifest.xml:7:5-20
MERGED from [com.google.android.gms:play-services-ads-identifier:16.0.0] AndroidManifest.xml:22:5-20
MERGED from [com.google.android.gms:play-services-ads-identifier:16.0.0] AndroidManifest.xml:22:5-20
MERGED from [com.google.android.gms:play-services-basement:16.1.0] AndroidManifest.xml:22:5-26:19
MERGED from [com.google.android.gms:play-services-basement:16.1.0] AndroidManifest.xml:22:5-26:19
MERGED from [com.android.support:support-v4:26.1.0] AndroidManifest.xml:25:5-29:19
MERGED from [com.android.support:support-v4:26.1.0] AndroidManifest.xml:25:5-29:19
MERGED from [com.android.support:support-media-compat:26.1.0] AndroidManifest.xml:25:5-29:19
MERGED from [com.android.support:support-media-compat:26.1.0] AndroidManifest.xml:25:5-29:19
MERGED from [com.android.support:support-fragment:26.1.0] AndroidManifest.xml:25:5-29:19
MERGED from [com.android.support:support-fragment:26.1.0] AndroidManifest.xml:25:5-29:19
MERGED from [com.android.support:support-core-utils:26.1.0] AndroidManifest.xml:25:5-29:19
MERGED from [com.android.support:support-core-utils:26.1.0] AndroidManifest.xml:25:5-29:19
MERGED from [com.android.support:animated-vector-drawable:26.1.0] AndroidManifest.xml:22:5-26:19
MERGED from [com.android.support:animated-vector-drawable:26.1.0] AndroidManifest.xml:22:5-26:19
MERGED from [com.android.support:support-core-ui:26.1.0] AndroidManifest.xml:25:5-29:19
MERGED from [com.android.support:support-core-ui:26.1.0] AndroidManifest.xml:25:5-29:19
MERGED from [com.android.support:support-vector-drawable:26.1.0] AndroidManifest.xml:22:5-26:19
MERGED from [com.android.support:support-vector-drawable:26.1.0] AndroidManifest.xml:22:5-26:19
MERGED from [com.android.support:support-compat:26.1.0] AndroidManifest.xml:25:5-29:19
MERGED from [com.android.support:support-compat:26.1.0] AndroidManifest.xml:25:5-29:19
MERGED from [android.arch.lifecycle:runtime:1.0.0] AndroidManifest.xml:24:5-28:19
MERGED from [android.arch.lifecycle:runtime:1.0.0] AndroidManifest.xml:24:5-28:19
	android:supportsRtl
		ADDED from src\main\AndroidManifest.xml:19:3-29
	android:label
		ADDED from src\main\AndroidManifest.xml:17:45-77
	android:icon
		ADDED from src\main\AndroidManifest.xml:17:15-44
	android:allowBackup
		ADDED from src\main\AndroidManifest.xml:18:3-29
	android:theme
		ADDED from src\main\AndroidManifest.xml:20:3-50
activity#com.nezip.bizcard1.Intro
ADDED from src\main\AndroidManifest.xml:22:3-31:14
	android:screenOrientation
		ADDED from src\main\AndroidManifest.xml:25:4-40
	android:clearTaskOnLaunch
		ADDED from src\main\AndroidManifest.xml:26:4-36
	android:label
		ADDED from src\main\AndroidManifest.xml:23:4-36
	android:theme
		ADDED from src\main\AndroidManifest.xml:24:4-51
	android:name
		ADDED from src\main\AndroidManifest.xml:22:13-33
intent-filter#action:name:android.intent.action.MAIN+category:name:android.intent.category.LAUNCHER
ADDED from src\main\AndroidManifest.xml:27:4-30:20
action#android.intent.action.MAIN
ADDED from src\main\AndroidManifest.xml:28:5-57
	android:name
		ADDED from src\main\AndroidManifest.xml:28:13-54
category#android.intent.category.LAUNCHER
ADDED from src\main\AndroidManifest.xml:29:5-65
	android:name
		ADDED from src\main\AndroidManifest.xml:29:15-62
service#com.nezip.bizcard1.MyFirebaseMessagingService
ADDED from src\main\AndroidManifest.xml:33:3-38:13
	android:name
		ADDED from src\main\AndroidManifest.xml:34:4-46
intent-filter#action:name:com.google.firebase.MESSAGING_EVENT
ADDED from src\main\AndroidManifest.xml:35:4-37:20
action#com.google.firebase.MESSAGING_EVENT
ADDED from src\main\AndroidManifest.xml:36:5-65
	android:name
		ADDED from src\main\AndroidManifest.xml:36:13-63
service#com.nezip.bizcard1.MyFirebaseInstanceIDService
ADDED from src\main\AndroidManifest.xml:39:3-44:13
	android:name
		ADDED from src\main\AndroidManifest.xml:40:4-47
intent-filter#action:name:com.google.firebase.INSTANCE_ID_EVENT
ADDED from src\main\AndroidManifest.xml:41:4-43:20
action#com.google.firebase.INSTANCE_ID_EVENT
ADDED from src\main\AndroidManifest.xml:42:5-67
	android:name
		ADDED from src\main\AndroidManifest.xml:42:13-65
service#com.nezip.bizcard1.AlarmService
ADDED from src\main\AndroidManifest.xml:46:3-49:13
	android:enabled
		ADDED from src\main\AndroidManifest.xml:48:4-26
	android:name
		ADDED from src\main\AndroidManifest.xml:47:4-50
receiver#com.nezip.bizcard1.AlarmReceiver
ADDED from src\main\AndroidManifest.xml:51:3-58:14
	android:enabled
		ADDED from src\main\AndroidManifest.xml:52:4-26
	android:exported
		ADDED from src\main\AndroidManifest.xml:52:27-51
	android:name
		ADDED from src\main\AndroidManifest.xml:53:4-51
intent-filter#action:name:android.intent.action.BOOT_COMPLETED
ADDED from src\main\AndroidManifest.xml:55:4-57:20
action#android.intent.action.BOOT_COMPLETED
ADDED from src\main\AndroidManifest.xml:56:5-67
	android:name
		ADDED from src\main\AndroidManifest.xml:56:13-64
activity#com.nezip.bizcard1.SecessionPopup
ADDED from src\main\AndroidManifest.xml:60:3-64:14
	android:screenOrientation
		ADDED from src\main\AndroidManifest.xml:63:4-40
	android:windowSoftInputMode
		ADDED from src\main\AndroidManifest.xml:62:4-46
	android:theme
		ADDED from src\main\AndroidManifest.xml:61:4-45
	android:name
		ADDED from src\main\AndroidManifest.xml:60:13-42
activity#com.nezip.bizcard1.SecessionPopup02
ADDED from src\main\AndroidManifest.xml:66:3-70:14
	android:screenOrientation
		ADDED from src\main\AndroidManifest.xml:69:4-40
	android:windowSoftInputMode
		ADDED from src\main\AndroidManifest.xml:68:4-46
	android:theme
		ADDED from src\main\AndroidManifest.xml:67:4-45
	android:name
		ADDED from src\main\AndroidManifest.xml:66:13-44
activity#com.nezip.bizcard1.BizCardList
ADDED from src\main\AndroidManifest.xml:72:3-76:40
	android:screenOrientation
		ADDED from src\main\AndroidManifest.xml:74:4-40
	android:hardwareAccelerated
		ADDED from src\main\AndroidManifest.xml:76:4-38
	android:windowSoftInputMode
		ADDED from src\main\AndroidManifest.xml:75:4-51
	android:theme
		ADDED from src\main\AndroidManifest.xml:73:4-51
	android:name
		ADDED from src\main\AndroidManifest.xml:72:13-39
activity#com.nezip.bizcard1.BizCardGrid
ADDED from src\main\AndroidManifest.xml:78:3-82:40
	android:screenOrientation
		ADDED from src\main\AndroidManifest.xml:80:4-40
	android:hardwareAccelerated
		ADDED from src\main\AndroidManifest.xml:82:4-38
	android:windowSoftInputMode
		ADDED from src\main\AndroidManifest.xml:81:4-51
	android:theme
		ADDED from src\main\AndroidManifest.xml:79:4-51
	android:name
		ADDED from src\main\AndroidManifest.xml:78:13-39
activity#com.nezip.bizcard1.MyCardView
ADDED from src\main\AndroidManifest.xml:84:3-86:40
	android:hardwareAccelerated
		ADDED from src\main\AndroidManifest.xml:86:4-38
	android:theme
		ADDED from src\main\AndroidManifest.xml:85:4-51
	android:name
		ADDED from src\main\AndroidManifest.xml:84:13-39
activity#com.nezip.bizcard1.BizCardView
ADDED from src\main\AndroidManifest.xml:88:3-90:40
	android:hardwareAccelerated
		ADDED from src\main\AndroidManifest.xml:90:4-38
	android:theme
		ADDED from src\main\AndroidManifest.xml:89:4-51
	android:name
		ADDED from src\main\AndroidManifest.xml:88:13-40
activity#com.nezip.bizcard1.BizCardForm
ADDED from src\main\AndroidManifest.xml:92:3-95:45
	android:screenOrientation
		ADDED from src\main\AndroidManifest.xml:95:7-43
	android:hardwareAccelerated
		ADDED from src\main\AndroidManifest.xml:94:7-41
	android:theme
		ADDED from src\main\AndroidManifest.xml:93:4-45
	android:name
		ADDED from src\main\AndroidManifest.xml:92:13-39
activity#com.nezip.bizcard1.BizCardFindList
ADDED from src\main\AndroidManifest.xml:97:3-100:42
	android:screenOrientation
		ADDED from src\main\AndroidManifest.xml:100:4-40
	android:hardwareAccelerated
		ADDED from src\main\AndroidManifest.xml:99:4-38
	android:theme
		ADDED from src\main\AndroidManifest.xml:98:4-51
	android:name
		ADDED from src\main\AndroidManifest.xml:97:13-43
activity#com.nezip.bizcard1.BizCardFindGrid
ADDED from src\main\AndroidManifest.xml:102:3-105:42
	android:screenOrientation
		ADDED from src\main\AndroidManifest.xml:105:4-40
	android:hardwareAccelerated
		ADDED from src\main\AndroidManifest.xml:104:4-38
	android:theme
		ADDED from src\main\AndroidManifest.xml:103:4-51
	android:name
		ADDED from src\main\AndroidManifest.xml:102:13-43
activity#com.nezip.bizcard1.ContactList
ADDED from src\main\AndroidManifest.xml:108:3-111:42
	android:screenOrientation
		ADDED from src\main\AndroidManifest.xml:111:4-40
	android:hardwareAccelerated
		ADDED from src\main\AndroidManifest.xml:110:4-38
	android:theme
		ADDED from src\main\AndroidManifest.xml:109:4-51
	android:name
		ADDED from src\main\AndroidManifest.xml:108:13-39
activity#com.nezip.bizcard1.ChatingForm
ADDED from src\main\AndroidManifest.xml:114:3-118:95
	android:screenOrientation
		ADDED from src\main\AndroidManifest.xml:117:7-43
	android:hardwareAccelerated
		ADDED from src\main\AndroidManifest.xml:116:7-41
	android:permission
		ADDED from src\main\AndroidManifest.xml:118:4-93
	android:theme
		ADDED from src\main\AndroidManifest.xml:115:7-54
	android:name
		ADDED from src\main\AndroidManifest.xml:114:13-39
activity#com.nezip.bizcard1.PointSearchText
ADDED from src\main\AndroidManifest.xml:120:3-124:20
	android:screenOrientation
		ADDED from src\main\AndroidManifest.xml:123:13-49
	android:windowSoftInputMode
		ADDED from src\main\AndroidManifest.xml:122:13-55
	android:theme
		ADDED from src\main\AndroidManifest.xml:121:13-54
	android:name
		ADDED from src\main\AndroidManifest.xml:120:13-43
activity#com.nezip.bizcard1.MemoText
ADDED from src\main\AndroidManifest.xml:126:3-130:20
	android:screenOrientation
		ADDED from src\main\AndroidManifest.xml:129:13-49
	android:windowSoftInputMode
		ADDED from src\main\AndroidManifest.xml:128:13-55
	android:theme
		ADDED from src\main\AndroidManifest.xml:127:13-54
	android:name
		ADDED from src\main\AndroidManifest.xml:126:13-36
activity#com.nezip.bizcard1.BizCardFindSearchText
ADDED from src\main\AndroidManifest.xml:132:3-136:20
	android:screenOrientation
		ADDED from src\main\AndroidManifest.xml:135:13-49
	android:windowSoftInputMode
		ADDED from src\main\AndroidManifest.xml:134:13-55
	android:theme
		ADDED from src\main\AndroidManifest.xml:133:13-54
	android:name
		ADDED from src\main\AndroidManifest.xml:132:13-49
activity#com.nezip.bizcard1.Outdialog
ADDED from src\main\AndroidManifest.xml:138:3-142:14
	android:screenOrientation
		ADDED from src\main\AndroidManifest.xml:141:4-40
	android:windowSoftInputMode
		ADDED from src\main\AndroidManifest.xml:140:4-46
	android:theme
		ADDED from src\main\AndroidManifest.xml:139:4-45
	android:name
		ADDED from src\main\AndroidManifest.xml:138:13-37
activity#com.nezip.bizcard1.BizCardListSearchText
ADDED from src\main\AndroidManifest.xml:144:3-148:14
	android:screenOrientation
		ADDED from src\main\AndroidManifest.xml:147:4-40
	android:windowSoftInputMode
		ADDED from src\main\AndroidManifest.xml:146:4-46
	android:theme
		ADDED from src\main\AndroidManifest.xml:145:4-45
	android:name
		ADDED from src\main\AndroidManifest.xml:144:13-49
activity#com.nezip.bizcard1.BuyPointPopup
ADDED from src\main\AndroidManifest.xml:151:3-154:20
	android:screenOrientation
		ADDED from src\main\AndroidManifest.xml:153:13-49
	android:theme
		ADDED from src\main\AndroidManifest.xml:152:13-54
	android:name
		ADDED from src\main\AndroidManifest.xml:151:13-41
activity#com.nezip.bizcard1.UserJoin
ADDED from src\main\AndroidManifest.xml:156:3-159:53
	android:screenOrientation
		ADDED from src\main\AndroidManifest.xml:158:4-40
	android:windowSoftInputMode
		ADDED from src\main\AndroidManifest.xml:159:4-51
	android:theme
		ADDED from src\main\AndroidManifest.xml:157:4-51
	android:name
		ADDED from src\main\AndroidManifest.xml:156:13-36
activity#com.nezip.bizcard1.UserEdit
ADDED from src\main\AndroidManifest.xml:163:3-166:53
	android:screenOrientation
		ADDED from src\main\AndroidManifest.xml:165:4-40
	android:windowSoftInputMode
		ADDED from src\main\AndroidManifest.xml:166:4-51
	android:theme
		ADDED from src\main\AndroidManifest.xml:164:4-51
	android:name
		ADDED from src\main\AndroidManifest.xml:163:13-37
activity#com.nezip.bizcard1.HelpView
ADDED from src\main\AndroidManifest.xml:169:3-173:49
	android:screenOrientation
		ADDED from src\main\AndroidManifest.xml:171:13-49
	android:hardwareAccelerated
		ADDED from src\main\AndroidManifest.xml:173:13-47
	android:windowSoftInputMode
		ADDED from src\main\AndroidManifest.xml:172:13-60
	android:theme
		ADDED from src\main\AndroidManifest.xml:170:7-54
	android:name
		ADDED from src\main\AndroidManifest.xml:169:13-36
activity#com.nezip.bizcard1.PhotoView
ADDED from src\main\AndroidManifest.xml:175:3-179:49
	android:screenOrientation
		ADDED from src\main\AndroidManifest.xml:177:13-49
	android:hardwareAccelerated
		ADDED from src\main\AndroidManifest.xml:179:13-47
	android:windowSoftInputMode
		ADDED from src\main\AndroidManifest.xml:178:13-60
	android:theme
		ADDED from src\main\AndroidManifest.xml:176:7-54
	android:name
		ADDED from src\main\AndroidManifest.xml:175:13-37
activity#com.nezip.bizcard1.ChatRoomList
ADDED from src\main\AndroidManifest.xml:181:3-185:49
	android:screenOrientation
		ADDED from src\main\AndroidManifest.xml:183:13-49
	android:hardwareAccelerated
		ADDED from src\main\AndroidManifest.xml:185:13-47
	android:windowSoftInputMode
		ADDED from src\main\AndroidManifest.xml:184:13-60
	android:theme
		ADDED from src\main\AndroidManifest.xml:182:7-54
	android:name
		ADDED from src\main\AndroidManifest.xml:181:13-40
activity#com.nezip.bizcard1.Join1th
ADDED from src\main\AndroidManifest.xml:187:3-190:62
	android:screenOrientation
		ADDED from src\main\AndroidManifest.xml:189:13-49
	android:windowSoftInputMode
		ADDED from src\main\AndroidManifest.xml:190:13-60
	android:theme
		ADDED from src\main\AndroidManifest.xml:188:7-54
	android:name
		ADDED from src\main\AndroidManifest.xml:187:13-35
activity#com.nezip.bizcard1.UserPoint
ADDED from src\main\AndroidManifest.xml:192:3-195:62
	android:screenOrientation
		ADDED from src\main\AndroidManifest.xml:194:13-49
	android:windowSoftInputMode
		ADDED from src\main\AndroidManifest.xml:195:13-60
	android:theme
		ADDED from src\main\AndroidManifest.xml:193:7-54
	android:name
		ADDED from src\main\AndroidManifest.xml:192:13-37
activity#com.nezip.bizcard1.Login1th
ADDED from src\main\AndroidManifest.xml:197:3-200:62
	android:screenOrientation
		ADDED from src\main\AndroidManifest.xml:199:13-49
	android:windowSoftInputMode